<?xml version="1.0" encoding="UTF-8"?>
<!-- Generated by org.testng.reporters.JUnitReportReporter -->
<testsuite hostname="225-Animesh-EIMS" failures="0" tests="1" name="testScripts.loginScript" time="12.187" errors="0" timestamp="2024-09-10T17:19:28 IST" skipped="0">
  <testcase classname="testScripts.loginScript" name="login" time="12.187"/>
</testsuite> <!-- testScripts.loginScript -->
